200215 134232.802|CONFIG|AWT-EventQueue-0|setFileHandlers|Now logging to /Users/hunterhan/tomcat/webapps/ROOT/pc2-9.6.0/bin/logs directory.
200215 134232.826|INFO|AWT-EventQueue-0|initializeSecurityAlertWindow|Security Log Started Version 9.6.0 20190102 (Wednesday, January 2nd 2019 01:20 UTC) Java ver 1.8.0_221 build 5102 Mac OS X 10.15.2 (x86_64) 
200215 142930.780|SEVERE|Thread-37|newMessage|SecurityException From:  TEAM5 @ site 1  TEAM5 @ site 1: duplicate login request; previous login forced off 
|edu.csus.ecs.pc2.core.exception.ContestSecurityException: TEAM5 @ site 1: duplicate login request; previous login forced off 
|    at edu.csus.ecs.pc2.core.InternalController.attemptToLogin (InternalController.java:1949)
|    at edu.csus.ecs.pc2.core.InternalController.receiveObject (InternalController.java:1405)
|    at edu.csus.ecs.pc2.core.transport.TransportManager$1.run (TransportManager.java:335)
|    at java.lang.Thread.run (Thread.java:748)
200215 142930.789|SEVERE|Thread-37|newMessage|SecurityException Sec. Message: TEAM5 @ site 1: duplicate login request; previous login forced off  ConnHandId Socket[addr=/192.168.1.22,port=49683,localport=50002]-7898033617309747947
200215 143524.451|SEVERE|Thread-49|newMessage|SecurityException From:  TEAM5 @ site 1  TEAM5 @ site 1: duplicate login request; previous login forced off 
|edu.csus.ecs.pc2.core.exception.ContestSecurityException: TEAM5 @ site 1: duplicate login request; previous login forced off 
|    at edu.csus.ecs.pc2.core.InternalController.attemptToLogin (InternalController.java:1949)
|    at edu.csus.ecs.pc2.core.InternalController.receiveObject (InternalController.java:1405)
|    at edu.csus.ecs.pc2.core.transport.TransportManager$1.run (TransportManager.java:335)
|    at java.lang.Thread.run (Thread.java:748)
200215 143524.455|SEVERE|Thread-49|newMessage|SecurityException Sec. Message: TEAM5 @ site 1: duplicate login request; previous login forced off  ConnHandId Socket[addr=/192.168.1.22,port=53139,localport=50002]-5710978736972478513
200215 145324.573|SEVERE|Thread-62|newMessage|SecurityException From:  TEAM11 @ site 1  TEAM11 @ site 1: duplicate login request; previous login forced off 
|edu.csus.ecs.pc2.core.exception.ContestSecurityException: TEAM11 @ site 1: duplicate login request; previous login forced off 
|    at edu.csus.ecs.pc2.core.InternalController.attemptToLogin (InternalController.java:1949)
|    at edu.csus.ecs.pc2.core.InternalController.receiveObject (InternalController.java:1405)
|    at edu.csus.ecs.pc2.core.transport.TransportManager$1.run (TransportManager.java:335)
|    at java.lang.Thread.run (Thread.java:748)
200215 145324.574|SEVERE|Thread-62|newMessage|SecurityException Sec. Message: TEAM11 @ site 1: duplicate login request; previous login forced off  ConnHandId Socket[addr=/192.168.1.2,port=52590,localport=50002]-8997043134107983016
