200215 161838.452|CONFIG|main|setFileHandlers|Now logging to /Users/hunterhan/tomcat/webapps/ROOT/pc2-9.6.0/bin/logs directory.
200215 161838.454|INFO|main|info|
200215 161838.457|INFO|main|info|Version 9.6.0 20190102 (Wednesday, January 2nd 2019 01:20 UTC) Java ver 1.8.0_221 build 5102 Mac OS X 10.15.2 (x86_64) 
200215 161838.457|INFO|main|startLog|Working directory is /Users/hunterhan/tomcat/webapps/ROOT/pc2-9.6.0/bin
200215 161838.469|INFO|main|startLog|Process id is 34007@Hunters-MacBook-Pro.local
200215 161838.469|INFO|main|start|Starting ConnectionManager...
200215 161838.575|INFO|main|start|Started ConnectionManager
200215 161838.577|INFO|main|setClientServerAndPort|INIFile File location: file:/Users/hunterhan/tomcat/webapps/ROOT/pc2-9.6.0/bin/pc2v9.ini
200215 161838.577|INFO|main|setClientServerAndPort|setClientServerAndPort localhost parsed as localhost port 50002
200215 161838.577|INFO|main|info|Contacting server at localhost:50002
200215 161838.578|INFO|main|connectToMyServer|Connecting to localhost:50002
200215 161838.617|INFO|Thread-1|receiveUnencrypted|receiveUnencrypted(TransportWrapper, ConnectionHandlerID=Socket[addr=localhost/127.0.0.1,port=50002,localport=65315]-1252049005464277423)
200215 161839.165|INFO|Thread-1|receiveUnencrypted|receiveUnencrypted Made a secret key for Socket[addr=localhost/127.0.0.1,port=50002,localport=65315]-1252049005464277423 key is com.sun.crypto.provider.DESKey@fffe7a41
200215 161839.165|INFO|Thread-1|getPublicKeyPacket|Generating Unencrypted Public Key Packet
200215 161839.167|INFO|Thread-1|getPublicKeyPacket|checking key:= SunJCE Diffie-Hellman Public Key:
y:
    b2f2e1c4 79fca8ae fd2ff6c5 35c1e5b0 929ffc2b 47d68814 d9b6faee 344c12d7
    20162588 8e02fefe 46ab3800 98cf558a 2c3e1f4c 148b9bf2 429d7333 a826856d
    bc3ea655 a7015793 dd0b86e1 4fb284c9 5620f3c0 13e9974a 1a1d19a4 ba2c0d50
    c78b9406 f51f681f e0e804cd 61d89f82 d9eeff75 6d7cbe2d 702e08c8 a46936d2
p:
    f488fd58 4e49dbcd 20b49de4 9107366b 336c380d 451d0f7c 88b31c7c 5b2d8ef6
    f3c923c0 43f0a55b 188d8ebb 558cb85d 38d334fd 7c175743 a31d186c de33212c
    b52aff3c e1b12940 18118d7c 84a70a72 d686c403 19c80729 7aca950c d9969fab
    d00a509b 0246d308 3d66a45d 419f9c7c bd894b22 1926baab a25ec355 e92f78c7
g:
    02
l:
    512
200215 161839.168|INFO|Thread-1|getPublicKeyPacket|packet:= edu.csus.ecs.pc2.core.transport.TransportWrapper@1398df5f
200215 172614.314|INFO|Thread-1|receive|EOFException in receive for Socket[addr=localhost/127.0.0.1,port=50002,localport=65315]-1252049005464277423
|java.io.EOFException: null
|    at java.io.ObjectInputStream$BlockDataInputStream.peekByte (ObjectInputStream.java:2960)
|    at java.io.ObjectInputStream.readObject0 (ObjectInputStream.java:1540)
|    at java.io.ObjectInputStream.readObject (ObjectInputStream.java:431)
|    at edu.csus.ecs.pc2.core.transport.ConnectionHandlerThread.receive (ConnectionHandlerThread.java:151)
|    at edu.csus.ecs.pc2.core.transport.ConnectionHandlerClientThread.run (ConnectionHandlerClientThread.java:65)
200215 172614.329|FINER|Thread-1|run|THROW
|edu.csus.ecs.pc2.core.transport.TransportException: null
|    at edu.csus.ecs.pc2.core.transport.ConnectionHandlerThread.receive (ConnectionHandlerThread.java:158)
|    at edu.csus.ecs.pc2.core.transport.ConnectionHandlerClientThread.run (ConnectionHandlerClientThread.java:65)
200215 172614.329|FINER|Thread-1|run - e.getmessage is null()|THROW
|edu.csus.ecs.pc2.core.transport.TransportException: null
|    at edu.csus.ecs.pc2.core.transport.ConnectionHandlerThread.receive (ConnectionHandlerThread.java:158)
|    at edu.csus.ecs.pc2.core.transport.ConnectionHandlerClientThread.run (ConnectionHandlerClientThread.java:65)
