200215 134226.947|CONFIG|main|setFileHandlers|Now logging to /Users/hunterhan/tomcat/webapps/ROOT/pc2-9.6.0/bin/logs directory.
200215 134226.949|INFO|main|info|
200215 134226.957|INFO|main|info|Version 9.6.0 20190102 (Wednesday, January 2nd 2019 01:20 UTC) Java ver 1.8.0_221 build 5102 Mac OS X 10.15.2 (x86_64) 
200215 134226.958|INFO|main|startLog|Working directory is /Users/hunterhan/tomcat/webapps/ROOT/pc2-9.6.0/bin
200215 134226.981|INFO|main|startLog|Process id is 33576@Hunters-MacBook-Pro.local
200215 134226.981|INFO|main|start|Starting ConnectionManager...
200215 134227.284|INFO|main|start|Started ConnectionManager
200215 134227.313|INFO|main|setClientServerAndPort|INIFile File location: file:/Users/hunterhan/tomcat/webapps/ROOT/pc2-9.6.0/bin/pc2v9.ini
200215 134227.313|INFO|main|setClientServerAndPort|setClientServerAndPort localhost parsed as localhost port 50002
200215 134227.314|INFO|main|info|Contacting server at localhost:50002
200215 134227.314|INFO|main|connectToMyServer|Connecting to localhost:50002
200215 134227.516|INFO|Thread-1|receiveUnencrypted|receiveUnencrypted(TransportWrapper, ConnectionHandlerID=Socket[addr=localhost/127.0.0.1,port=50002,localport=64762]--1561613024331660209)
200215 134228.713|INFO|Thread-1|receiveUnencrypted|receiveUnencrypted Made a secret key for Socket[addr=localhost/127.0.0.1,port=50002,localport=64762]--1561613024331660209 key is com.sun.crypto.provider.DESKey@1868a
200215 134228.741|INFO|Thread-1|getPublicKeyPacket|Generating Unencrypted Public Key Packet
200215 134228.742|INFO|Thread-1|getPublicKeyPacket|checking key:= SunJCE Diffie-Hellman Public Key:
y:
    89893f5c fda81857 8745222f 7b65c0f0 78735bb4 834a19fc ca91692a eb61009f
    200c0704 806b4e66 5e702ff8 e26a843c abb35767 d35bf05e b1082918 7b30d05b
    d9144ac7 41aad68d 61563e9a f050a4ae 052e81b8 e577ac9c f5646c9f 116fcd97
    34e8d92d d5e7b6a5 9fd01aa5 0b9b7723 224066ac 9631903d 10c47bee 4fdca879
p:
    f488fd58 4e49dbcd 20b49de4 9107366b 336c380d 451d0f7c 88b31c7c 5b2d8ef6
    f3c923c0 43f0a55b 188d8ebb 558cb85d 38d334fd 7c175743 a31d186c de33212c
    b52aff3c e1b12940 18118d7c 84a70a72 d686c403 19c80729 7aca950c d9969fab
    d00a509b 0246d308 3d66a45d 419f9c7c bd894b22 1926baab a25ec355 e92f78c7
g:
    02
l:
    512
200215 134228.743|INFO|Thread-1|getPublicKeyPacket|packet:= edu.csus.ecs.pc2.core.transport.TransportWrapper@4abe276b
200215 172614.311|INFO|Thread-1|receive|EOFException in receive for Socket[addr=localhost/127.0.0.1,port=50002,localport=64762]--1561613024331660209
|java.io.EOFException: null
|    at java.io.ObjectInputStream$BlockDataInputStream.peekByte (ObjectInputStream.java:2960)
|    at java.io.ObjectInputStream.readObject0 (ObjectInputStream.java:1540)
|    at java.io.ObjectInputStream.readObject (ObjectInputStream.java:431)
|    at edu.csus.ecs.pc2.core.transport.ConnectionHandlerThread.receive (ConnectionHandlerThread.java:151)
|    at edu.csus.ecs.pc2.core.transport.ConnectionHandlerClientThread.run (ConnectionHandlerClientThread.java:65)
200215 172614.323|FINER|Thread-1|run|THROW
|edu.csus.ecs.pc2.core.transport.TransportException: null
|    at edu.csus.ecs.pc2.core.transport.ConnectionHandlerThread.receive (ConnectionHandlerThread.java:158)
|    at edu.csus.ecs.pc2.core.transport.ConnectionHandlerClientThread.run (ConnectionHandlerClientThread.java:65)
200215 172614.324|FINER|Thread-1|run - e.getmessage is null()|THROW
|edu.csus.ecs.pc2.core.transport.TransportException: null
|    at edu.csus.ecs.pc2.core.transport.ConnectionHandlerThread.receive (ConnectionHandlerThread.java:158)
|    at edu.csus.ecs.pc2.core.transport.ConnectionHandlerClientThread.run (ConnectionHandlerClientThread.java:65)
