200215 134226.905|CONFIG|main|setFileHandlers|Now logging to /Users/hunterhan/tomcat/webapps/ROOT/pc2-9.6.0/bin/logs directory.
200215 134226.907|INFO|main|info|
200215 134226.916|INFO|main|info|Version 9.6.0 20190102 (Wednesday, January 2nd 2019 01:20 UTC) Java ver 1.8.0_221 build 5102 Mac OS X 10.15.2 (x86_64) 
200215 134226.917|INFO|main|startLog|Working directory is /Users/hunterhan/tomcat/webapps/ROOT/pc2-9.6.0/bin
200215 134226.934|INFO|main|startLog|Process id is 33579@Hunters-MacBook-Pro.local
200215 134226.934|INFO|main|start|Starting ConnectionManager...
200215 134227.228|INFO|main|start|Started ConnectionManager
200215 134227.230|INFO|main|setClientServerAndPort|INIFile File location: file:/Users/hunterhan/tomcat/webapps/ROOT/pc2-9.6.0/bin/pc2v9.ini
200215 134227.231|INFO|main|setClientServerAndPort|setClientServerAndPort localhost parsed as localhost port 50002
200215 134227.231|INFO|main|info|Contacting server at localhost:50002
200215 134227.232|INFO|main|connectToMyServer|Connecting to localhost:50002
200215 134227.340|INFO|Thread-1|receiveUnencrypted|receiveUnencrypted(TransportWrapper, ConnectionHandlerID=Socket[addr=localhost/127.0.0.1,port=50002,localport=64761]-2026005269678358068)
200215 134228.694|INFO|Thread-1|receiveUnencrypted|receiveUnencrypted Made a secret key for Socket[addr=localhost/127.0.0.1,port=50002,localport=64761]-2026005269678358068 key is com.sun.crypto.provider.DESKey@fffe7a4b
200215 134228.694|INFO|Thread-1|getPublicKeyPacket|Generating Unencrypted Public Key Packet
200215 134228.695|INFO|Thread-1|getPublicKeyPacket|checking key:= SunJCE Diffie-Hellman Public Key:
y:
    260d5587 dce0a973 cc360f74 598fd584 74740feb c5901641 98baf960 40b007f3
    78fa510e 3c25e991 8e30e8bf 91a0d7ce f0c54cf1 a869d692 fe489ba9 76b1c9e7
    8c08e072 36830813 66f08e1e f47b5713 cb0a565d c2e61c8d 29b7765c 01deeb7a
    7bbb0611 79df0813 0f464fa2 ad374b11 4bab2f55 9fdd4fdc f13969f7 d6e5d01d
p:
    f488fd58 4e49dbcd 20b49de4 9107366b 336c380d 451d0f7c 88b31c7c 5b2d8ef6
    f3c923c0 43f0a55b 188d8ebb 558cb85d 38d334fd 7c175743 a31d186c de33212c
    b52aff3c e1b12940 18118d7c 84a70a72 d686c403 19c80729 7aca950c d9969fab
    d00a509b 0246d308 3d66a45d 419f9c7c bd894b22 1926baab a25ec355 e92f78c7
g:
    02
l:
    512
200215 134228.696|INFO|Thread-1|getPublicKeyPacket|packet:= edu.csus.ecs.pc2.core.transport.TransportWrapper@1398df5f
