200215 134226.914|CONFIG|main|setFileHandlers|Now logging to /Users/hunterhan/tomcat/webapps/ROOT/pc2-9.6.0/bin/logs directory.
200215 134226.917|INFO|main|info|
200215 134226.921|INFO|main|info|Version 9.6.0 20190102 (Wednesday, January 2nd 2019 01:20 UTC) Java ver 1.8.0_221 build 5102 Mac OS X 10.15.2 (x86_64) 
200215 134226.922|INFO|main|startLog|Working directory is /Users/hunterhan/tomcat/webapps/ROOT/pc2-9.6.0/bin
200215 134226.937|INFO|main|startLog|Process id is 33578@Hunters-MacBook-Pro.local
200215 134226.937|INFO|main|start|Starting ConnectionManager...
200215 134227.235|INFO|main|start|Started ConnectionManager
200215 134227.237|INFO|main|setClientServerAndPort|INIFile File location: file:/Users/hunterhan/tomcat/webapps/ROOT/pc2-9.6.0/bin/pc2v9.ini
200215 134227.237|INFO|main|setClientServerAndPort|setClientServerAndPort localhost parsed as localhost port 50002
200215 134227.238|INFO|main|info|Contacting server at localhost:50002
200215 134227.239|INFO|main|connectToMyServer|Connecting to localhost:50002
200215 134227.332|INFO|Thread-1|receiveUnencrypted|receiveUnencrypted(TransportWrapper, ConnectionHandlerID=Socket[addr=localhost/127.0.0.1,port=50002,localport=64760]-287982513842242901)
200215 134228.616|INFO|Thread-1|receiveUnencrypted|receiveUnencrypted Made a secret key for Socket[addr=localhost/127.0.0.1,port=50002,localport=64760]-287982513842242901 key is com.sun.crypto.provider.DESKey@18336
200215 134228.616|INFO|Thread-1|getPublicKeyPacket|Generating Unencrypted Public Key Packet
200215 134228.618|INFO|Thread-1|getPublicKeyPacket|checking key:= SunJCE Diffie-Hellman Public Key:
y:
    5ddb81d9 a75d45ad 8bac10a9 940682ca 4a53ae8d 386edfe8 54be4e07 9a725519
    99fe3460 95a68cbd 7cab629f 5759a8f1 5d79890e 23cebf6c 04f1a7ac be983db7
    a0af44b9 c0c15ad6 5f8f5a0b dfc13395 34f2a68c 82660a9c d4b02c33 13de3f24
    276666ac 091b84a7 03d87535 277ece89 df05d029 0a5b2194 293ebfe4 374c7c1f
p:
    f488fd58 4e49dbcd 20b49de4 9107366b 336c380d 451d0f7c 88b31c7c 5b2d8ef6
    f3c923c0 43f0a55b 188d8ebb 558cb85d 38d334fd 7c175743 a31d186c de33212c
    b52aff3c e1b12940 18118d7c 84a70a72 d686c403 19c80729 7aca950c d9969fab
    d00a509b 0246d308 3d66a45d 419f9c7c bd894b22 1926baab a25ec355 e92f78c7
g:
    02
l:
    512
200215 134228.618|INFO|Thread-1|getPublicKeyPacket|packet:= edu.csus.ecs.pc2.core.transport.TransportWrapper@fd652f5
